<?xml version="1.0" encoding="UTF-8"?>
<testsuite xmlns:xsi="http://www.w3.org/2001/XMLSchema-instance" xsi:noNamespaceSchemaLocation="https://maven.apache.org/surefire/maven-surefire-plugin/xsd/surefire-test-report.xsd" name="TestSuite" time="543.215" tests="111" errors="0" skipped="0" failures="10">
  <properties>
    <property name="java.runtime.name" value="Java(TM) SE Runtime Environment"/>
    <property name="sun.boot.library.path" value="D:\java\jdk\jre\bin"/>
    <property name="java.vm.version" value="25.131-b11"/>
    <property name="java.vm.vendor" value="Oracle Corporation"/>
    <property name="java.vendor.url" value="http://java.oracle.com/"/>
    <property name="path.separator" value=";"/>
    <property name="guice.disable.misplaced.annotation.check" value="true"/>
    <property name="java.vm.name" value="Java HotSpot(TM) 64-Bit Server VM"/>
    <property name="file.encoding.pkg" value="sun.io"/>
    <property name="user.script" value=""/>
    <property name="user.country" value="CN"/>
    <property name="sun.java.launcher" value="SUN_STANDARD"/>
    <property name="sun.os.patch.level" value="Service Pack 1"/>
    <property name="java.vm.specification.name" value="Java Virtual Machine Specification"/>
    <property name="user.dir" value="D:\Workspace\Sprog"/>
    <property name="java.runtime.version" value="1.8.0_131-b11"/>
    <property name="java.awt.graphicsenv" value="sun.awt.Win32GraphicsEnvironment"/>
    <property name="java.endorsed.dirs" value="D:\java\jdk\jre\lib\endorsed"/>
    <property name="os.arch" value="amd64"/>
    <property name="java.io.tmpdir" value="C:\Users\ADMINI~1\AppData\Local\Temp\"/>
    <property name="line.separator" value="&#10;"/>
    <property name="java.vm.specification.vendor" value="Oracle Corporation"/>
    <property name="user.variant" value=""/>
    <property name="os.name" value="Windows 7"/>
    <property name="classworlds.conf" value="D:\Workspace\.metadata\.plugins\org.eclipse.m2e.launching\launches\m2conf4571757223121542864.tmp"/>
    <property name="sun.jnu.encoding" value="GBK"/>
    <property name="java.library.path" value="D:\java\jdk\bin;C:\Windows\Sun\Java\bin;C:\Windows\system32;C:\Windows;D:/java/jdk/bin/../jre/bin/server;D:/java/jdk/bin/../jre/bin;D:/java/jdk/bin/../jre/lib/amd64;D:\java\jdk\bin;D:\java\jdk\jre\bin;C:\ProgramData\Oracle\Java\javapath;C:\Windows\system32;C:\Windows;C:\Windows\System32\Wbem;C:\Windows\System32\WindowsPowerShell\v1.0\;D:\java\sdk\SDK\tools;D:\java\sdk\SDK\platform-tools;E:\nodejs\;D:\eclipse\plugins\org.apache.ant_1.9.2.v201404171502\bin;D:\maven\apache-maven-3.5.0\bin;E:\moniqi\Nox\bin;E:\Git\TortoiseGit\bin;E:\mysql\mysql-5.7.21-winx64\bin;C:\Users\Administrator\AppData\Local\Programs\Fiddler;C:\Users\Administrator\AppData\Roaming\npm;D:\eclipse;;."/>
    <property name="java.specification.name" value="Java Platform API Specification"/>
    <property name="java.class.version" value="52.0"/>
    <property name="sun.management.compiler" value="HotSpot 64-Bit Tiered Compilers"/>
    <property name="os.version" value="6.1"/>
    <property name="user.home" value="C:\Users\Administrator"/>
    <property name="user.timezone" value="Asia/Shanghai"/>
    <property name="java.awt.printerjob" value="sun.awt.windows.WPrinterJob"/>
    <property name="java.specification.version" value="1.8"/>
    <property name="file.encoding" value="UTF-8"/>
    <property name="user.name" value="Administrator"/>
    <property name="java.class.path" value="/D:/eclipse/plugins/org.eclipse.m2e.maven.runtime_1.5.0.20140605-2032/jars/plexus-classworlds-2.5.1.jar"/>
    <property name="org.slf4j.simpleLogger.defaultLogLevel" value="info"/>
    <property name="java.vm.specification.version" value="1.8"/>
    <property name="sun.arch.data.model" value="64"/>
    <property name="java.home" value="D:\java\jdk\jre"/>
    <property name="sun.java.command" value="org.codehaus.plexus.classworlds.launcher.Launcher -B test"/>
    <property name="java.specification.vendor" value="Oracle Corporation"/>
    <property name="user.language" value="zh"/>
    <property name="awt.toolkit" value="sun.awt.windows.WToolkit"/>
    <property name="java.vm.info" value="mixed mode"/>
    <property name="java.version" value="1.8.0_131"/>
    <property name="java.ext.dirs" value="D:\java\jdk\jre\lib\ext;C:\Windows\Sun\Java\lib\ext"/>
    <property name="sun.boot.class.path" value="D:\java\jdk\jre\lib\resources.jar;D:\java\jdk\jre\lib\rt.jar;D:\java\jdk\jre\lib\sunrsasign.jar;D:\java\jdk\jre\lib\jsse.jar;D:\java\jdk\jre\lib\jce.jar;D:\java\jdk\jre\lib\charsets.jar;D:\java\jdk\jre\lib\jfr.jar;D:\java\jdk\jre\classes"/>
    <property name="java.vendor" value="Oracle Corporation"/>
    <property name="maven.home" value="D:\Workspace\Sprog\EMBEDDED"/>
    <property name="file.separator" value="\"/>
    <property name="java.vendor.url.bug" value="http://bugreport.sun.com/bugreport/"/>
    <property name="sun.cpu.endian" value="little"/>
    <property name="sun.io.unicode.encoding" value="UnicodeLittle"/>
    <property name="sun.desktop" value="windows"/>
    <property name="sun.cpu.isalist" value="amd64"/>
  </properties>
  <testcase name="testcase" classname="Sprog.NewTest" time="0.016">
    <failure type="java.lang.NullPointerException">java.lang.NullPointerException
	at Sprog.NewTest.testcase(NewTest.java:13)
</failure>
    <system-err><![CDATA[三月 13, 2018 4:12:53 下午 org.openqa.selenium.remote.ProtocolHandshake createSession
信息: Detected dialect: OSS
]]></system-err>
  </testcase>
  <testcase name="testcase" classname="Sprog.NewTest" time="3.071"/>
  <testcase name="testcase" classname="Sprog.NewTest" time="6.882"/>
  <testcase name="testcase" classname="Sprog.NewTest" time="1.467"/>
  <testcase name="testcase" classname="Sprog.NewTest" time="7.043"/>
  <testcase name="testcase" classname="Sprog.NewTest" time="1.057"/>
  <testcase name="testcase" classname="Sprog.NewTest" time="7.837">
    <failure message="expected [true] but found [false]" type="java.lang.AssertionError">java.lang.AssertionError: expected [true] but found [false]
	at Sprog.NewTest.testcase(NewTest.java:13)
</failure>
    <system-out><![CDATA[在：2018-03-13 16:13:14:430isFail的状态：true
在：2018-03-13 16:13:22:268控件：com.thetiger.ziwork:id/edit_et不存在
]]></system-out>
  </testcase>
  <testcase name="testcase" classname="Sprog.NewTest" time="9.895">
    <failure message="expected [true] but found [false]" type="java.lang.AssertionError">java.lang.AssertionError: expected [true] but found [false]
	at Sprog.NewTest.testcase(NewTest.java:13)
</failure>
    <system-out><![CDATA[在：2018-03-13 16:13:22:268isFail的状态：true
在：2018-03-13 16:13:32:163控件：//android.widget.EditText[@text='如：文案达人']不存在
]]></system-out>
  </testcase>
  <testcase name="testcase" classname="Sprog.NewTest" time="5.374">
    <failure message="expected [true] but found [false]" type="java.lang.AssertionError">java.lang.AssertionError: expected [true] but found [false]
	at Sprog.NewTest.testcase(NewTest.java:13)
</failure>
    <system-out><![CDATA[在：2018-03-13 16:13:32:163isFail的状态：true
在：2018-03-13 16:13:37:519控件：com.thetiger.ziwork:id/submit_tv不存在
]]></system-out>
  </testcase>
  <testcase name="testcase" classname="Sprog.NewTest" time="3.233"/>
  <testcase name="testcase" classname="Sprog.NewTest" time="5.035">
    <failure message="expected [true] but found [false]" type="java.lang.AssertionError">java.lang.AssertionError: expected [true] but found [false]
	at Sprog.NewTest.testcase(NewTest.java:13)
</failure>
    <system-out><![CDATA[在：2018-03-13 16:13:40:771isFail的状态：true
在：2018-03-13 16:13:45:805控件：com.thetiger.ziwork:id/guide_target_view不存在
]]></system-out>
  </testcase>
  <testcase name="testcase" classname="Sprog.NewTest" time="5.261">
    <failure message="expected [true] but found [false]" type="java.lang.AssertionError">java.lang.AssertionError: expected [true] but found [false]
	at Sprog.NewTest.testcase(NewTest.java:13)
</failure>
    <system-out><![CDATA[在：2018-03-13 16:13:45:807isFail的状态：true
在：2018-03-13 16:13:51:070控件：com.thetiger.ziwork:id/guide_bottom_ly不存在
]]></system-out>
  </testcase>
  <testcase name="testcase" classname="Sprog.NewTest" time="14.501"/>
  <testcase name="testcase" classname="Sprog.NewTest" time="1.507"/>
  <testcase name="testcase" classname="Sprog.NewTest" time="6.372"/>
  <testcase name="testcase" classname="Sprog.NewTest" time="1.587"/>
  <testcase name="testcase" classname="Sprog.NewTest" time="6.873"/>
  <testcase name="testcase" classname="Sprog.NewTest" time="1.974"/>
  <testcase name="testcase" classname="Sprog.NewTest" time="6.748">
    <failure message="expected [true] but found [false]" type="java.lang.AssertionError">java.lang.AssertionError: expected [true] but found [false]
	at Sprog.NewTest.testcase(NewTest.java:13)
</failure>
    <system-out><![CDATA[在：2018-03-13 16:14:23:880isFail的状态：true
在：2018-03-13 16:14:30:627控件：com.thetiger.ziwork:id/edit_et不存在
]]></system-out>
  </testcase>
  <testcase name="testcase" classname="Sprog.NewTest" time="6.566">
    <failure message="expected [true] but found [false]" type="java.lang.AssertionError">java.lang.AssertionError: expected [true] but found [false]
	at Sprog.NewTest.testcase(NewTest.java:13)
</failure>
    <system-out><![CDATA[在：2018-03-13 16:14:30:629isFail的状态：true
在：2018-03-13 16:14:37:185控件：//android.widget.EditText[@text='如：文案达人']不存在
]]></system-out>
  </testcase>
  <testcase name="testcase" classname="Sprog.NewTest" time="5.555">
    <failure message="expected [true] but found [false]" type="java.lang.AssertionError">java.lang.AssertionError: expected [true] but found [false]
	at Sprog.NewTest.testcase(NewTest.java:13)
</failure>
    <system-out><![CDATA[在：2018-03-13 16:14:37:185isFail的状态：true
在：2018-03-13 16:14:42:743控件：com.thetiger.ziwork:id/submit_tv不存在
]]></system-out>
  </testcase>
  <testcase name="testcase" classname="Sprog.NewTest" time="7.632">
    <failure message="expected [true] but found [false]" type="java.lang.AssertionError">java.lang.AssertionError: expected [true] but found [false]
	at Sprog.NewTest.testcase(NewTest.java:13)
</failure>
    <system-out><![CDATA[在：2018-03-13 16:14:42:745isFail的状态：true
在：2018-03-13 16:14:50:386控件：//android.widget.ImageButton[@content-desc='转到上一层级']不存在
]]></system-out>
  </testcase>
  <testcase name="testcase" classname="Sprog.NewTest" time="4.267"/>
  <testcase name="testcase" classname="Sprog.NewTest" time="0.988"/>
  <testcase name="testcase" classname="Sprog.NewTest" time="2.184"/>
  <testcase name="testcase" classname="Sprog.NewTest" time="8.602"/>
  <testcase name="testcase" classname="Sprog.NewTest" time="6.851"/>
  <testcase name="testcase" classname="Sprog.NewTest" time="2.155"/>
  <testcase name="testcase" classname="Sprog.NewTest" time="7.764"/>
  <testcase name="testcase" classname="Sprog.NewTest" time="6.426"/>
  <testcase name="testcase" classname="Sprog.NewTest" time="1.961"/>
  <testcase name="testcase" classname="Sprog.NewTest" time="2.488"/>
  <testcase name="testcase" classname="Sprog.NewTest" time="2.22"/>
  <testcase name="testcase" classname="Sprog.NewTest" time="1.672"/>
  <testcase name="testcase" classname="Sprog.NewTest" time="10.509"/>
  <testcase name="testcase" classname="Sprog.NewTest" time="5.733"/>
  <testcase name="testcase" classname="Sprog.NewTest" time="1.744"/>
  <testcase name="testcase" classname="Sprog.NewTest" time="11.477"/>
  <testcase name="testcase" classname="Sprog.NewTest" time="5.006"/>
  <testcase name="testcase" classname="Sprog.NewTest" time="1.702"/>
  <testcase name="testcase" classname="Sprog.NewTest" time="10.945"/>
  <testcase name="testcase" classname="Sprog.NewTest" time="5.896"/>
  <testcase name="testcase" classname="Sprog.NewTest" time="1.823"/>
  <testcase name="testcase" classname="Sprog.NewTest" time="1.544"/>
  <testcase name="testcase" classname="Sprog.NewTest" time="1.885"/>
  <testcase name="testcase" classname="Sprog.NewTest" time="2.107"/>
  <testcase name="testcase" classname="Sprog.NewTest" time="1.187"/>
  <testcase name="testcase" classname="Sprog.NewTest" time="1.979"/>
  <testcase name="testcase" classname="Sprog.NewTest" time="2.297"/>
  <testcase name="testcase" classname="Sprog.NewTest" time="1.621"/>
  <testcase name="testcase" classname="Sprog.NewTest" time="6.738"/>
  <testcase name="testcase" classname="Sprog.NewTest" time="5.852"/>
  <testcase name="testcase" classname="Sprog.NewTest" time="2.619"/>
  <testcase name="testcase" classname="Sprog.NewTest" time="1.512"/>
  <testcase name="testcase" classname="Sprog.NewTest" time="2.419"/>
  <testcase name="testcase" classname="Sprog.NewTest" time="3.163"/>
  <testcase name="testcase" classname="Sprog.NewTest" time="2.041"/>
  <testcase name="testcase" classname="Sprog.NewTest" time="3.651"/>
  <testcase name="testcase" classname="Sprog.NewTest" time="5.382"/>
  <testcase name="testcase" classname="Sprog.NewTest" time="0.994"/>
  <testcase name="testcase" classname="Sprog.NewTest" time="3.291"/>
  <testcase name="testcase" classname="Sprog.NewTest" time="2.06"/>
  <testcase name="testcase" classname="Sprog.NewTest" time="1.764"/>
  <testcase name="testcase" classname="Sprog.NewTest" time="4.035"/>
  <testcase name="testcase" classname="Sprog.NewTest" time="0.608"/>
  <testcase name="testcase" classname="Sprog.NewTest" time="4.02"/>
  <testcase name="testcase" classname="Sprog.NewTest" time="8.542"/>
  <testcase name="testcase" classname="Sprog.NewTest" time="1.008"/>
  <testcase name="testcase" classname="Sprog.NewTest" time="7.57"/>
  <testcase name="testcase" classname="Sprog.NewTest" time="2.202"/>
  <testcase name="testcase" classname="Sprog.NewTest" time="1.414"/>
  <testcase name="testcase" classname="Sprog.NewTest" time="7.46"/>
  <testcase name="testcase" classname="Sprog.NewTest" time="1.407"/>
  <testcase name="testcase" classname="Sprog.NewTest" time="1.586"/>
  <testcase name="testcase" classname="Sprog.NewTest" time="13.894"/>
  <testcase name="testcase" classname="Sprog.NewTest" time="1.102"/>
  <testcase name="testcase" classname="Sprog.NewTest" time="6.519"/>
  <testcase name="testcase" classname="Sprog.NewTest" time="1.26"/>
  <testcase name="testcase" classname="Sprog.NewTest" time="7.054"/>
  <testcase name="testcase" classname="Sprog.NewTest" time="1.86"/>
  <testcase name="testcase" classname="Sprog.NewTest" time="5.748"/>
  <testcase name="testcase" classname="Sprog.NewTest" time="0.8"/>
  <testcase name="testcase" classname="Sprog.NewTest" time="2.292"/>
  <testcase name="testcase" classname="Sprog.NewTest" time="2.066"/>
  <testcase name="testcase" classname="Sprog.NewTest" time="8.574"/>
  <testcase name="testcase" classname="Sprog.NewTest" time="6.358"/>
  <testcase name="testcase" classname="Sprog.NewTest" time="3.048"/>
  <testcase name="testcase" classname="Sprog.NewTest" time="1.325"/>
  <testcase name="testcase" classname="Sprog.NewTest" time="4.047"/>
  <testcase name="testcase" classname="Sprog.NewTest" time="8.351"/>
  <testcase name="testcase" classname="Sprog.NewTest" time="8.383"/>
  <testcase name="testcase" classname="Sprog.NewTest" time="6.985"/>
  <testcase name="testcase" classname="Sprog.NewTest" time="1.875"/>
  <testcase name="testcase" classname="Sprog.NewTest" time="7.754"/>
  <testcase name="testcase" classname="Sprog.NewTest" time="5.969"/>
  <testcase name="testcase" classname="Sprog.NewTest" time="7.851"/>
  <testcase name="testcase" classname="Sprog.NewTest" time="1.659"/>
  <testcase name="testcase" classname="Sprog.NewTest" time="7.922"/>
  <testcase name="testcase" classname="Sprog.NewTest" time="11.449"/>
  <testcase name="testcase" classname="Sprog.NewTest" time="7.409"/>
  <testcase name="testcase" classname="Sprog.NewTest" time="1.64"/>
  <testcase name="testcase" classname="Sprog.NewTest" time="8.027"/>
  <testcase name="testcase" classname="Sprog.NewTest" time="8.163"/>
  <testcase name="testcase" classname="Sprog.NewTest" time="9.517"/>
  <testcase name="testcase" classname="Sprog.NewTest" time="1.669"/>
  <testcase name="testcase" classname="Sprog.NewTest" time="9.464"/>
  <testcase name="testcase" classname="Sprog.NewTest" time="2.795"/>
  <testcase name="testcase" classname="Sprog.NewTest" time="1.614"/>
  <testcase name="testcase" classname="Sprog.NewTest" time="1.498"/>
  <testcase name="testcase" classname="Sprog.NewTest" time="9.206"/>
  <testcase name="testcase" classname="Sprog.NewTest" time="13"/>
</testsuite>