<?xml version="1.0" encoding="UTF-8"?>
<testsuite name="Test"
           tests="111"
           failures="10"
           errors="0"
           skipped="0"
           time="519.950">
  <properties />
            <testcase name="testcase" time="9.895" classname="Sprog.NewTest">
                <failure type="java.lang.AssertionError"
                  message="expected [true] but found [false]"
              >
<![CDATA[java.lang.AssertionError: expected [true] but found [false]
  org.testng.Assert.fail(Assert.java:94)
  org.testng.Assert.failNotEquals(Assert.java:513)
  org.testng.Assert.assertTrue(Assert.java:42)
  org.testng.Assert.assertTrue(Assert.java:52)
  Sprog.Base.findEl(Base.java:228)
  Sprog.Base.dealData(Base.java:400)
  Sprog.NewTest.testcase(NewTest.java:13)
  sun.reflect.NativeMethodAccessorImpl.invoke0(Native Method)
  sun.reflect.NativeMethodAccessorImpl.invoke(NativeMethodAccessorImpl.java:62)
  sun.reflect.DelegatingMethodAccessorImpl.invoke(DelegatingMethodAccessorImpl.java:43)
  java.lang.reflect.Method.invoke(Method.java:498)
  org.testng.internal.MethodInvocationHelper.invokeMethod(MethodInvocationHelper.java:86)
  org.testng.internal.Invoker.invokeMethod(Invoker.java:643)
  org.testng.internal.Invoker.invokeTestMethod(Invoker.java:820)
  org.testng.internal.Invoker.invokeTestMethods(Invoker.java:1128)
  org.testng.internal.TestMethodWorker.invokeTestMethods(TestMethodWorker.java:129)
  org.testng.internal.TestMethodWorker.run(TestMethodWorker.java:112)
  org.testng.TestRunner.privateRun(TestRunner.java:782)
  org.testng.TestRunner.run(TestRunner.java:632)
  org.testng.SuiteRunner.runTest(SuiteRunner.java:366)
  org.testng.SuiteRunner.runSequentially(SuiteRunner.java:361)
  org.testng.SuiteRunner.privateRun(SuiteRunner.java:319)
  org.testng.SuiteRunner.run(SuiteRunner.java:268)
  org.testng.SuiteRunnerWorker.runSuite(SuiteRunnerWorker.java:52)
  org.testng.SuiteRunnerWorker.run(SuiteRunnerWorker.java:86)
  org.testng.TestNG.runSuitesSequentially(TestNG.java:1244)
  org.testng.TestNG.runSuitesLocally(TestNG.java:1169)
  org.testng.TestNG.run(TestNG.java:1064)
  org.apache.maven.surefire.testng.TestNGExecutor.run(TestNGExecutor.java:283)
  org.apache.maven.surefire.testng.TestNGXmlTestSuite.execute(TestNGXmlTestSuite.java:75)
  org.apache.maven.surefire.testng.TestNGProvider.invoke(TestNGProvider.java:120)
  org.apache.maven.surefire.booter.ForkedBooter.invokeProviderInSameClassLoader(ForkedBooter.java:386)
  org.apache.maven.surefire.booter.ForkedBooter.runSuitesInProcess(ForkedBooter.java:323)
  org.apache.maven.surefire.booter.ForkedBooter.main(ForkedBooter.java:143)
]]>
      </failure>

          </testcase>
            <testcase name="testcase" time="5.559" classname="Sprog.NewTest">
                <failure type="java.lang.AssertionError"
                  message="expected [true] but found [false]"
              >
<![CDATA[java.lang.AssertionError: expected [true] but found [false]
  org.testng.Assert.fail(Assert.java:94)
  org.testng.Assert.failNotEquals(Assert.java:513)
  org.testng.Assert.assertTrue(Assert.java:42)
  org.testng.Assert.assertTrue(Assert.java:52)
  Sprog.Base.findEl(Base.java:228)
  Sprog.Base.dealData(Base.java:391)
  Sprog.NewTest.testcase(NewTest.java:13)
  sun.reflect.GeneratedMethodAccessor1.invoke(Unknown Source)
  sun.reflect.DelegatingMethodAccessorImpl.invoke(DelegatingMethodAccessorImpl.java:43)
  java.lang.reflect.Method.invoke(Method.java:498)
  org.testng.internal.MethodInvocationHelper.invokeMethod(MethodInvocationHelper.java:86)
  org.testng.internal.Invoker.invokeMethod(Invoker.java:643)
  org.testng.internal.Invoker.invokeTestMethod(Invoker.java:820)
  org.testng.internal.Invoker.invokeTestMethods(Invoker.java:1128)
  org.testng.internal.TestMethodWorker.invokeTestMethods(TestMethodWorker.java:129)
  org.testng.internal.TestMethodWorker.run(TestMethodWorker.java:112)
  org.testng.TestRunner.privateRun(TestRunner.java:782)
  org.testng.TestRunner.run(TestRunner.java:632)
  org.testng.SuiteRunner.runTest(SuiteRunner.java:366)
  org.testng.SuiteRunner.runSequentially(SuiteRunner.java:361)
  org.testng.SuiteRunner.privateRun(SuiteRunner.java:319)
  org.testng.SuiteRunner.run(SuiteRunner.java:268)
  org.testng.SuiteRunnerWorker.runSuite(SuiteRunnerWorker.java:52)
  org.testng.SuiteRunnerWorker.run(SuiteRunnerWorker.java:86)
  org.testng.TestNG.runSuitesSequentially(TestNG.java:1244)
  org.testng.TestNG.runSuitesLocally(TestNG.java:1169)
  org.testng.TestNG.run(TestNG.java:1064)
  org.apache.maven.surefire.testng.TestNGExecutor.run(TestNGExecutor.java:283)
  org.apache.maven.surefire.testng.TestNGXmlTestSuite.execute(TestNGXmlTestSuite.java:75)
  org.apache.maven.surefire.testng.TestNGProvider.invoke(TestNGProvider.java:120)
  org.apache.maven.surefire.booter.ForkedBooter.invokeProviderInSameClassLoader(ForkedBooter.java:386)
  org.apache.maven.surefire.booter.ForkedBooter.runSuitesInProcess(ForkedBooter.java:323)
  org.apache.maven.surefire.booter.ForkedBooter.main(ForkedBooter.java:143)
]]>
      </failure>

          </testcase>
            <testcase name="testcase" time="5.356" classname="Sprog.NewTest">
                <failure type="java.lang.AssertionError"
                  message="expected [true] but found [false]"
              >
<![CDATA[java.lang.AssertionError: expected [true] but found [false]
  org.testng.Assert.fail(Assert.java:94)
  org.testng.Assert.failNotEquals(Assert.java:513)
  org.testng.Assert.assertTrue(Assert.java:42)
  org.testng.Assert.assertTrue(Assert.java:52)
  Sprog.Base.findEl(Base.java:228)
  Sprog.Base.dealData(Base.java:391)
  Sprog.NewTest.testcase(NewTest.java:13)
  sun.reflect.NativeMethodAccessorImpl.invoke0(Native Method)
  sun.reflect.NativeMethodAccessorImpl.invoke(NativeMethodAccessorImpl.java:62)
  sun.reflect.DelegatingMethodAccessorImpl.invoke(DelegatingMethodAccessorImpl.java:43)
  java.lang.reflect.Method.invoke(Method.java:498)
  org.testng.internal.MethodInvocationHelper.invokeMethod(MethodInvocationHelper.java:86)
  org.testng.internal.Invoker.invokeMethod(Invoker.java:643)
  org.testng.internal.Invoker.invokeTestMethod(Invoker.java:820)
  org.testng.internal.Invoker.invokeTestMethods(Invoker.java:1128)
  org.testng.internal.TestMethodWorker.invokeTestMethods(TestMethodWorker.java:129)
  org.testng.internal.TestMethodWorker.run(TestMethodWorker.java:112)
  org.testng.TestRunner.privateRun(TestRunner.java:782)
  org.testng.TestRunner.run(TestRunner.java:632)
  org.testng.SuiteRunner.runTest(SuiteRunner.java:366)
  org.testng.SuiteRunner.runSequentially(SuiteRunner.java:361)
  org.testng.SuiteRunner.privateRun(SuiteRunner.java:319)
  org.testng.SuiteRunner.run(SuiteRunner.java:268)
  org.testng.SuiteRunnerWorker.runSuite(SuiteRunnerWorker.java:52)
  org.testng.SuiteRunnerWorker.run(SuiteRunnerWorker.java:86)
  org.testng.TestNG.runSuitesSequentially(TestNG.java:1244)
  org.testng.TestNG.runSuitesLocally(TestNG.java:1169)
  org.testng.TestNG.run(TestNG.java:1064)
  org.apache.maven.surefire.testng.TestNGExecutor.run(TestNGExecutor.java:283)
  org.apache.maven.surefire.testng.TestNGXmlTestSuite.execute(TestNGXmlTestSuite.java:75)
  org.apache.maven.surefire.testng.TestNGProvider.invoke(TestNGProvider.java:120)
  org.apache.maven.surefire.booter.ForkedBooter.invokeProviderInSameClassLoader(ForkedBooter.java:386)
  org.apache.maven.surefire.booter.ForkedBooter.runSuitesInProcess(ForkedBooter.java:323)
  org.apache.maven.surefire.booter.ForkedBooter.main(ForkedBooter.java:143)
]]>
      </failure>

          </testcase>
            <testcase name="testcase" time="5.034" classname="Sprog.NewTest">
                <failure type="java.lang.AssertionError"
                  message="expected [true] but found [false]"
              >
<![CDATA[java.lang.AssertionError: expected [true] but found [false]
  org.testng.Assert.fail(Assert.java:94)
  org.testng.Assert.failNotEquals(Assert.java:513)
  org.testng.Assert.assertTrue(Assert.java:42)
  org.testng.Assert.assertTrue(Assert.java:52)
  Sprog.Base.findEl(Base.java:228)
  Sprog.Base.dealData(Base.java:391)
  Sprog.NewTest.testcase(NewTest.java:13)
  sun.reflect.NativeMethodAccessorImpl.invoke0(Native Method)
  sun.reflect.NativeMethodAccessorImpl.invoke(NativeMethodAccessorImpl.java:62)
  sun.reflect.DelegatingMethodAccessorImpl.invoke(DelegatingMethodAccessorImpl.java:43)
  java.lang.reflect.Method.invoke(Method.java:498)
  org.testng.internal.MethodInvocationHelper.invokeMethod(MethodInvocationHelper.java:86)
  org.testng.internal.Invoker.invokeMethod(Invoker.java:643)
  org.testng.internal.Invoker.invokeTestMethod(Invoker.java:820)
  org.testng.internal.Invoker.invokeTestMethods(Invoker.java:1128)
  org.testng.internal.TestMethodWorker.invokeTestMethods(TestMethodWorker.java:129)
  org.testng.internal.TestMethodWorker.run(TestMethodWorker.java:112)
  org.testng.TestRunner.privateRun(TestRunner.java:782)
  org.testng.TestRunner.run(TestRunner.java:632)
  org.testng.SuiteRunner.runTest(SuiteRunner.java:366)
  org.testng.SuiteRunner.runSequentially(SuiteRunner.java:361)
  org.testng.SuiteRunner.privateRun(SuiteRunner.java:319)
  org.testng.SuiteRunner.run(SuiteRunner.java:268)
  org.testng.SuiteRunnerWorker.runSuite(SuiteRunnerWorker.java:52)
  org.testng.SuiteRunnerWorker.run(SuiteRunnerWorker.java:86)
  org.testng.TestNG.runSuitesSequentially(TestNG.java:1244)
  org.testng.TestNG.runSuitesLocally(TestNG.java:1169)
  org.testng.TestNG.run(TestNG.java:1064)
  org.apache.maven.surefire.testng.TestNGExecutor.run(TestNGExecutor.java:283)
  org.apache.maven.surefire.testng.TestNGXmlTestSuite.execute(TestNGXmlTestSuite.java:75)
  org.apache.maven.surefire.testng.TestNGProvider.invoke(TestNGProvider.java:120)
  org.apache.maven.surefire.booter.ForkedBooter.invokeProviderInSameClassLoader(ForkedBooter.java:386)
  org.apache.maven.surefire.booter.ForkedBooter.runSuitesInProcess(ForkedBooter.java:323)
  org.apache.maven.surefire.booter.ForkedBooter.main(ForkedBooter.java:143)
]]>
      </failure>

          </testcase>
            <testcase name="testcase" time="5.262" classname="Sprog.NewTest">
                <failure type="java.lang.AssertionError"
                  message="expected [true] but found [false]"
              >
<![CDATA[java.lang.AssertionError: expected [true] but found [false]
  org.testng.Assert.fail(Assert.java:94)
  org.testng.Assert.failNotEquals(Assert.java:513)
  org.testng.Assert.assertTrue(Assert.java:42)
  org.testng.Assert.assertTrue(Assert.java:52)
  Sprog.Base.findEl(Base.java:228)
  Sprog.Base.dealData(Base.java:391)
  Sprog.NewTest.testcase(NewTest.java:13)
  sun.reflect.NativeMethodAccessorImpl.invoke0(Native Method)
  sun.reflect.NativeMethodAccessorImpl.invoke(NativeMethodAccessorImpl.java:62)
  sun.reflect.DelegatingMethodAccessorImpl.invoke(DelegatingMethodAccessorImpl.java:43)
  java.lang.reflect.Method.invoke(Method.java:498)
  org.testng.internal.MethodInvocationHelper.invokeMethod(MethodInvocationHelper.java:86)
  org.testng.internal.Invoker.invokeMethod(Invoker.java:643)
  org.testng.internal.Invoker.invokeTestMethod(Invoker.java:820)
  org.testng.internal.Invoker.invokeTestMethods(Invoker.java:1128)
  org.testng.internal.TestMethodWorker.invokeTestMethods(TestMethodWorker.java:129)
  org.testng.internal.TestMethodWorker.run(TestMethodWorker.java:112)
  org.testng.TestRunner.privateRun(TestRunner.java:782)
  org.testng.TestRunner.run(TestRunner.java:632)
  org.testng.SuiteRunner.runTest(SuiteRunner.java:366)
  org.testng.SuiteRunner.runSequentially(SuiteRunner.java:361)
  org.testng.SuiteRunner.privateRun(SuiteRunner.java:319)
  org.testng.SuiteRunner.run(SuiteRunner.java:268)
  org.testng.SuiteRunnerWorker.runSuite(SuiteRunnerWorker.java:52)
  org.testng.SuiteRunnerWorker.run(SuiteRunnerWorker.java:86)
  org.testng.TestNG.runSuitesSequentially(TestNG.java:1244)
  org.testng.TestNG.runSuitesLocally(TestNG.java:1169)
  org.testng.TestNG.run(TestNG.java:1064)
  org.apache.maven.surefire.testng.TestNGExecutor.run(TestNGExecutor.java:283)
  org.apache.maven.surefire.testng.TestNGXmlTestSuite.execute(TestNGXmlTestSuite.java:75)
  org.apache.maven.surefire.testng.TestNGProvider.invoke(TestNGProvider.java:120)
  org.apache.maven.surefire.booter.ForkedBooter.invokeProviderInSameClassLoader(ForkedBooter.java:386)
  org.apache.maven.surefire.booter.ForkedBooter.runSuitesInProcess(ForkedBooter.java:323)
  org.apache.maven.surefire.booter.ForkedBooter.main(ForkedBooter.java:143)
]]>
      </failure>

          </testcase>
            <testcase name="testcase" time="6.748" classname="Sprog.NewTest">
                <failure type="java.lang.AssertionError"
                  message="expected [true] but found [false]"
              >
<![CDATA[java.lang.AssertionError: expected [true] but found [false]
  org.testng.Assert.fail(Assert.java:94)
  org.testng.Assert.failNotEquals(Assert.java:513)
  org.testng.Assert.assertTrue(Assert.java:42)
  org.testng.Assert.assertTrue(Assert.java:52)
  Sprog.Base.findEl(Base.java:228)
  Sprog.Base.dealData(Base.java:400)
  Sprog.NewTest.testcase(NewTest.java:13)
  sun.reflect.GeneratedMethodAccessor1.invoke(Unknown Source)
  sun.reflect.DelegatingMethodAccessorImpl.invoke(DelegatingMethodAccessorImpl.java:43)
  java.lang.reflect.Method.invoke(Method.java:498)
  org.testng.internal.MethodInvocationHelper.invokeMethod(MethodInvocationHelper.java:86)
  org.testng.internal.Invoker.invokeMethod(Invoker.java:643)
  org.testng.internal.Invoker.invokeTestMethod(Invoker.java:820)
  org.testng.internal.Invoker.invokeTestMethods(Invoker.java:1128)
  org.testng.internal.TestMethodWorker.invokeTestMethods(TestMethodWorker.java:129)
  org.testng.internal.TestMethodWorker.run(TestMethodWorker.java:112)
  org.testng.TestRunner.privateRun(TestRunner.java:782)
  org.testng.TestRunner.run(TestRunner.java:632)
  org.testng.SuiteRunner.runTest(SuiteRunner.java:366)
  org.testng.SuiteRunner.runSequentially(SuiteRunner.java:361)
  org.testng.SuiteRunner.privateRun(SuiteRunner.java:319)
  org.testng.SuiteRunner.run(SuiteRunner.java:268)
  org.testng.SuiteRunnerWorker.runSuite(SuiteRunnerWorker.java:52)
  org.testng.SuiteRunnerWorker.run(SuiteRunnerWorker.java:86)
  org.testng.TestNG.runSuitesSequentially(TestNG.java:1244)
  org.testng.TestNG.runSuitesLocally(TestNG.java:1169)
  org.testng.TestNG.run(TestNG.java:1064)
  org.apache.maven.surefire.testng.TestNGExecutor.run(TestNGExecutor.java:283)
  org.apache.maven.surefire.testng.TestNGXmlTestSuite.execute(TestNGXmlTestSuite.java:75)
  org.apache.maven.surefire.testng.TestNGProvider.invoke(TestNGProvider.java:120)
  org.apache.maven.surefire.booter.ForkedBooter.invokeProviderInSameClassLoader(ForkedBooter.java:386)
  org.apache.maven.surefire.booter.ForkedBooter.runSuitesInProcess(ForkedBooter.java:323)
  org.apache.maven.surefire.booter.ForkedBooter.main(ForkedBooter.java:143)
]]>
      </failure>

          </testcase>
            <testcase name="testcase" time="7.641" classname="Sprog.NewTest">
                <failure type="java.lang.AssertionError"
                  message="expected [true] but found [false]"
              >
<![CDATA[java.lang.AssertionError: expected [true] but found [false]
  org.testng.Assert.fail(Assert.java:94)
  org.testng.Assert.failNotEquals(Assert.java:513)
  org.testng.Assert.assertTrue(Assert.java:42)
  org.testng.Assert.assertTrue(Assert.java:52)
  Sprog.Base.findEl(Base.java:228)
  Sprog.Base.dealData(Base.java:391)
  Sprog.NewTest.testcase(NewTest.java:13)
  sun.reflect.GeneratedMethodAccessor1.invoke(Unknown Source)
  sun.reflect.DelegatingMethodAccessorImpl.invoke(DelegatingMethodAccessorImpl.java:43)
  java.lang.reflect.Method.invoke(Method.java:498)
  org.testng.internal.MethodInvocationHelper.invokeMethod(MethodInvocationHelper.java:86)
  org.testng.internal.Invoker.invokeMethod(Invoker.java:643)
  org.testng.internal.Invoker.invokeTestMethod(Invoker.java:820)
  org.testng.internal.Invoker.invokeTestMethods(Invoker.java:1128)
  org.testng.internal.TestMethodWorker.invokeTestMethods(TestMethodWorker.java:129)
  org.testng.internal.TestMethodWorker.run(TestMethodWorker.java:112)
  org.testng.TestRunner.privateRun(TestRunner.java:782)
  org.testng.TestRunner.run(TestRunner.java:632)
  org.testng.SuiteRunner.runTest(SuiteRunner.java:366)
  org.testng.SuiteRunner.runSequentially(SuiteRunner.java:361)
  org.testng.SuiteRunner.privateRun(SuiteRunner.java:319)
  org.testng.SuiteRunner.run(SuiteRunner.java:268)
  org.testng.SuiteRunnerWorker.runSuite(SuiteRunnerWorker.java:52)
  org.testng.SuiteRunnerWorker.run(SuiteRunnerWorker.java:86)
  org.testng.TestNG.runSuitesSequentially(TestNG.java:1244)
  org.testng.TestNG.runSuitesLocally(TestNG.java:1169)
  org.testng.TestNG.run(TestNG.java:1064)
  org.apache.maven.surefire.testng.TestNGExecutor.run(TestNGExecutor.java:283)
  org.apache.maven.surefire.testng.TestNGXmlTestSuite.execute(TestNGXmlTestSuite.java:75)
  org.apache.maven.surefire.testng.TestNGProvider.invoke(TestNGProvider.java:120)
  org.apache.maven.surefire.booter.ForkedBooter.invokeProviderInSameClassLoader(ForkedBooter.java:386)
  org.apache.maven.surefire.booter.ForkedBooter.runSuitesInProcess(ForkedBooter.java:323)
  org.apache.maven.surefire.booter.ForkedBooter.main(ForkedBooter.java:143)
]]>
      </failure>

          </testcase>
            <testcase name="testcase" time="0.000" classname="Sprog.NewTest">
                <failure type="java.lang.NullPointerException"
                  message="(null)"
              >
<![CDATA[java.lang.NullPointerException
  Sprog.Base.dealData(Base.java:367)
  Sprog.NewTest.testcase(NewTest.java:13)
  sun.reflect.NativeMethodAccessorImpl.invoke0(Native Method)
  sun.reflect.NativeMethodAccessorImpl.invoke(NativeMethodAccessorImpl.java:62)
  sun.reflect.DelegatingMethodAccessorImpl.invoke(DelegatingMethodAccessorImpl.java:43)
  java.lang.reflect.Method.invoke(Method.java:498)
  org.testng.internal.MethodInvocationHelper.invokeMethod(MethodInvocationHelper.java:86)
  org.testng.internal.Invoker.invokeMethod(Invoker.java:643)
  org.testng.internal.Invoker.invokeTestMethod(Invoker.java:820)
  org.testng.internal.Invoker.invokeTestMethods(Invoker.java:1128)
  org.testng.internal.TestMethodWorker.invokeTestMethods(TestMethodWorker.java:129)
  org.testng.internal.TestMethodWorker.run(TestMethodWorker.java:112)
  org.testng.TestRunner.privateRun(TestRunner.java:782)
  org.testng.TestRunner.run(TestRunner.java:632)
  org.testng.SuiteRunner.runTest(SuiteRunner.java:366)
  org.testng.SuiteRunner.runSequentially(SuiteRunner.java:361)
  org.testng.SuiteRunner.privateRun(SuiteRunner.java:319)
  org.testng.SuiteRunner.run(SuiteRunner.java:268)
  org.testng.SuiteRunnerWorker.runSuite(SuiteRunnerWorker.java:52)
  org.testng.SuiteRunnerWorker.run(SuiteRunnerWorker.java:86)
  org.testng.TestNG.runSuitesSequentially(TestNG.java:1244)
  org.testng.TestNG.runSuitesLocally(TestNG.java:1169)
  org.testng.TestNG.run(TestNG.java:1064)
  org.apache.maven.surefire.testng.TestNGExecutor.run(TestNGExecutor.java:283)
  org.apache.maven.surefire.testng.TestNGXmlTestSuite.execute(TestNGXmlTestSuite.java:75)
  org.apache.maven.surefire.testng.TestNGProvider.invoke(TestNGProvider.java:120)
  org.apache.maven.surefire.booter.ForkedBooter.invokeProviderInSameClassLoader(ForkedBooter.java:386)
  org.apache.maven.surefire.booter.ForkedBooter.runSuitesInProcess(ForkedBooter.java:323)
  org.apache.maven.surefire.booter.ForkedBooter.main(ForkedBooter.java:143)
]]>
      </failure>

          </testcase>
            <testcase name="testcase" time="7.837" classname="Sprog.NewTest">
                <failure type="java.lang.AssertionError"
                  message="expected [true] but found [false]"
              >
<![CDATA[java.lang.AssertionError: expected [true] but found [false]
  org.testng.Assert.fail(Assert.java:94)
  org.testng.Assert.failNotEquals(Assert.java:513)
  org.testng.Assert.assertTrue(Assert.java:42)
  org.testng.Assert.assertTrue(Assert.java:52)
  Sprog.Base.findEl(Base.java:228)
  Sprog.Base.dealData(Base.java:400)
  Sprog.NewTest.testcase(NewTest.java:13)
  sun.reflect.NativeMethodAccessorImpl.invoke0(Native Method)
  sun.reflect.NativeMethodAccessorImpl.invoke(NativeMethodAccessorImpl.java:62)
  sun.reflect.DelegatingMethodAccessorImpl.invoke(DelegatingMethodAccessorImpl.java:43)
  java.lang.reflect.Method.invoke(Method.java:498)
  org.testng.internal.MethodInvocationHelper.invokeMethod(MethodInvocationHelper.java:86)
  org.testng.internal.Invoker.invokeMethod(Invoker.java:643)
  org.testng.internal.Invoker.invokeTestMethod(Invoker.java:820)
  org.testng.internal.Invoker.invokeTestMethods(Invoker.java:1128)
  org.testng.internal.TestMethodWorker.invokeTestMethods(TestMethodWorker.java:129)
  org.testng.internal.TestMethodWorker.run(TestMethodWorker.java:112)
  org.testng.TestRunner.privateRun(TestRunner.java:782)
  org.testng.TestRunner.run(TestRunner.java:632)
  org.testng.SuiteRunner.runTest(SuiteRunner.java:366)
  org.testng.SuiteRunner.runSequentially(SuiteRunner.java:361)
  org.testng.SuiteRunner.privateRun(SuiteRunner.java:319)
  org.testng.SuiteRunner.run(SuiteRunner.java:268)
  org.testng.SuiteRunnerWorker.runSuite(SuiteRunnerWorker.java:52)
  org.testng.SuiteRunnerWorker.run(SuiteRunnerWorker.java:86)
  org.testng.TestNG.runSuitesSequentially(TestNG.java:1244)
  org.testng.TestNG.runSuitesLocally(TestNG.java:1169)
  org.testng.TestNG.run(TestNG.java:1064)
  org.apache.maven.surefire.testng.TestNGExecutor.run(TestNGExecutor.java:283)
  org.apache.maven.surefire.testng.TestNGXmlTestSuite.execute(TestNGXmlTestSuite.java:75)
  org.apache.maven.surefire.testng.TestNGProvider.invoke(TestNGProvider.java:120)
  org.apache.maven.surefire.booter.ForkedBooter.invokeProviderInSameClassLoader(ForkedBooter.java:386)
  org.apache.maven.surefire.booter.ForkedBooter.runSuitesInProcess(ForkedBooter.java:323)
  org.apache.maven.surefire.booter.ForkedBooter.main(ForkedBooter.java:143)
]]>
      </failure>

          </testcase>
            <testcase name="testcase" time="6.556" classname="Sprog.NewTest">
                <failure type="java.lang.AssertionError"
                  message="expected [true] but found [false]"
              >
<![CDATA[java.lang.AssertionError: expected [true] but found [false]
  org.testng.Assert.fail(Assert.java:94)
  org.testng.Assert.failNotEquals(Assert.java:513)
  org.testng.Assert.assertTrue(Assert.java:42)
  org.testng.Assert.assertTrue(Assert.java:52)
  Sprog.Base.findEl(Base.java:228)
  Sprog.Base.dealData(Base.java:400)
  Sprog.NewTest.testcase(NewTest.java:13)
  sun.reflect.GeneratedMethodAccessor1.invoke(Unknown Source)
  sun.reflect.DelegatingMethodAccessorImpl.invoke(DelegatingMethodAccessorImpl.java:43)
  java.lang.reflect.Method.invoke(Method.java:498)
  org.testng.internal.MethodInvocationHelper.invokeMethod(MethodInvocationHelper.java:86)
  org.testng.internal.Invoker.invokeMethod(Invoker.java:643)
  org.testng.internal.Invoker.invokeTestMethod(Invoker.java:820)
  org.testng.internal.Invoker.invokeTestMethods(Invoker.java:1128)
  org.testng.internal.TestMethodWorker.invokeTestMethods(TestMethodWorker.java:129)
  org.testng.internal.TestMethodWorker.run(TestMethodWorker.java:112)
  org.testng.TestRunner.privateRun(TestRunner.java:782)
  org.testng.TestRunner.run(TestRunner.java:632)
  org.testng.SuiteRunner.runTest(SuiteRunner.java:366)
  org.testng.SuiteRunner.runSequentially(SuiteRunner.java:361)
  org.testng.SuiteRunner.privateRun(SuiteRunner.java:319)
  org.testng.SuiteRunner.run(SuiteRunner.java:268)
  org.testng.SuiteRunnerWorker.runSuite(SuiteRunnerWorker.java:52)
  org.testng.SuiteRunnerWorker.run(SuiteRunnerWorker.java:86)
  org.testng.TestNG.runSuitesSequentially(TestNG.java:1244)
  org.testng.TestNG.runSuitesLocally(TestNG.java:1169)
  org.testng.TestNG.run(TestNG.java:1064)
  org.apache.maven.surefire.testng.TestNGExecutor.run(TestNGExecutor.java:283)
  org.apache.maven.surefire.testng.TestNGXmlTestSuite.execute(TestNGXmlTestSuite.java:75)
  org.apache.maven.surefire.testng.TestNGProvider.invoke(TestNGProvider.java:120)
  org.apache.maven.surefire.booter.ForkedBooter.invokeProviderInSameClassLoader(ForkedBooter.java:386)
  org.apache.maven.surefire.booter.ForkedBooter.runSuitesInProcess(ForkedBooter.java:323)
  org.apache.maven.surefire.booter.ForkedBooter.main(ForkedBooter.java:143)
]]>
      </failure>

          </testcase>
  
  
            <testcase name="testcase" time="2.038" classname="Sprog.NewTest" />
                <testcase name="testcase" time="1.512" classname="Sprog.NewTest" />
                <testcase name="testcase" time="5.837" classname="Sprog.NewTest" />
                <testcase name="testcase" time="2.064" classname="Sprog.NewTest" />
                <testcase name="testcase" time="1.961" classname="Sprog.NewTest" />
                <testcase name="testcase" time="1.586" classname="Sprog.NewTest" />
                <testcase name="testcase" time="8.542" classname="Sprog.NewTest" />
                <testcase name="testcase" time="1.883" classname="Sprog.NewTest" />
                <testcase name="testcase" time="4.037" classname="Sprog.NewTest" />
                <testcase name="testcase" time="7.570" classname="Sprog.NewTest" />
                <testcase name="testcase" time="0.988" classname="Sprog.NewTest" />
                <testcase name="testcase" time="1.673" classname="Sprog.NewTest" />
                <testcase name="testcase" time="6.737" classname="Sprog.NewTest" />
                <testcase name="testcase" time="0.608" classname="Sprog.NewTest" />
                <testcase name="testcase" time="1.618" classname="Sprog.NewTest" />
                <testcase name="testcase" time="1.503" classname="Sprog.NewTest" />
                <testcase name="testcase" time="4.060" classname="Sprog.NewTest" />
                <testcase name="testcase" time="1.008" classname="Sprog.NewTest" />
                <testcase name="testcase" time="6.896" classname="Sprog.NewTest" />
                <testcase name="testcase" time="5.397" classname="Sprog.NewTest" />
                <testcase name="testcase" time="1.859" classname="Sprog.NewTest" />
                <testcase name="testcase" time="8.023" classname="Sprog.NewTest" />
                <testcase name="testcase" time="2.416" classname="Sprog.NewTest" />
                <testcase name="testcase" time="1.309" classname="Sprog.NewTest" />
                <testcase name="testcase" time="1.399" classname="Sprog.NewTest" />
                <testcase name="testcase" time="8.574" classname="Sprog.NewTest" />
                <testcase name="testcase" time="6.376" classname="Sprog.NewTest" />
                <testcase name="testcase" time="6.854" classname="Sprog.NewTest" />
                <testcase name="testcase" time="8.598" classname="Sprog.NewTest" />
                <testcase name="testcase" time="3.053" classname="Sprog.NewTest" />
                <testcase name="testcase" time="5.730" classname="Sprog.NewTest" />
                <testcase name="testcase" time="5.894" classname="Sprog.NewTest" />
                <testcase name="testcase" time="3.305" classname="Sprog.NewTest" />
                <testcase name="testcase" time="1.407" classname="Sprog.NewTest" />
                <testcase name="testcase" time="10.944" classname="Sprog.NewTest" />
                <testcase name="testcase" time="1.097" classname="Sprog.NewTest" />
                <testcase name="testcase" time="2.633" classname="Sprog.NewTest" />
                <testcase name="testcase" time="2.169" classname="Sprog.NewTest" />
                <testcase name="testcase" time="10.509" classname="Sprog.NewTest" />
                <testcase name="testcase" time="8.168" classname="Sprog.NewTest" />
                <testcase name="testcase" time="7.765" classname="Sprog.NewTest" />
                <testcase name="testcase" time="6.425" classname="Sprog.NewTest" />
                <testcase name="testcase" time="11.445" classname="Sprog.NewTest" />
                <testcase name="testcase" time="1.260" classname="Sprog.NewTest" />
                <testcase name="testcase" time="1.657" classname="Sprog.NewTest" />
                <testcase name="testcase" time="2.218" classname="Sprog.NewTest" />
                <testcase name="testcase" time="7.461" classname="Sprog.NewTest" />
                <testcase name="testcase" time="1.968" classname="Sprog.NewTest" />
                <testcase name="testcase" time="7.916" classname="Sprog.NewTest" />
                <testcase name="testcase" time="1.744" classname="Sprog.NewTest" />
                <testcase name="testcase" time="2.059" classname="Sprog.NewTest" />
                <testcase name="testcase" time="4.266" classname="Sprog.NewTest" />
                <testcase name="testcase" time="7.055" classname="Sprog.NewTest" />
                <testcase name="testcase" time="3.048" classname="Sprog.NewTest" />
                <testcase name="testcase" time="6.523" classname="Sprog.NewTest" />
                <testcase name="testcase" time="1.764" classname="Sprog.NewTest" />
                <testcase name="testcase" time="0.979" classname="Sprog.NewTest" />
                <testcase name="testcase" time="6.985" classname="Sprog.NewTest" />
                <testcase name="testcase" time="1.860" classname="Sprog.NewTest" />
                <testcase name="testcase" time="1.702" classname="Sprog.NewTest" />
                <testcase name="testcase" time="1.056" classname="Sprog.NewTest" />
                <testcase name="testcase" time="1.499" classname="Sprog.NewTest" />
                <testcase name="testcase" time="1.584" classname="Sprog.NewTest" />
                <testcase name="testcase" time="1.643" classname="Sprog.NewTest" />
                <testcase name="testcase" time="8.353" classname="Sprog.NewTest" />
                <testcase name="testcase" time="1.670" classname="Sprog.NewTest" />
                <testcase name="testcase" time="1.469" classname="Sprog.NewTest" />
                <testcase name="testcase" time="9.462" classname="Sprog.NewTest" />
                <testcase name="testcase" time="2.794" classname="Sprog.NewTest" />
                <testcase name="testcase" time="1.980" classname="Sprog.NewTest" />
                <testcase name="testcase" time="4.018" classname="Sprog.NewTest" />
                <testcase name="testcase" time="3.232" classname="Sprog.NewTest" />
                <testcase name="testcase" time="1.624" classname="Sprog.NewTest" />
                <testcase name="testcase" time="2.108" classname="Sprog.NewTest" />
                <testcase name="testcase" time="2.488" classname="Sprog.NewTest" />
                <testcase name="testcase" time="0.801" classname="Sprog.NewTest" />
                <testcase name="testcase" time="13.894" classname="Sprog.NewTest" />
                <testcase name="testcase" time="5.006" classname="Sprog.NewTest" />
                <testcase name="testcase" time="2.202" classname="Sprog.NewTest" />
                <testcase name="testcase" time="3.637" classname="Sprog.NewTest" />
                <testcase name="testcase" time="5.745" classname="Sprog.NewTest" />
                <testcase name="testcase" time="11.478" classname="Sprog.NewTest" />
                <testcase name="testcase" time="7.866" classname="Sprog.NewTest" />
                <testcase name="testcase" time="9.515" classname="Sprog.NewTest" />
                <testcase name="testcase" time="2.186" classname="Sprog.NewTest" />
                <testcase name="testcase" time="7.042" classname="Sprog.NewTest" />
                <testcase name="testcase" time="3.164" classname="Sprog.NewTest" />
                <testcase name="testcase" time="8.382" classname="Sprog.NewTest" />
                <testcase name="testcase" time="5.970" classname="Sprog.NewTest" />
                <testcase name="testcase" time="2.295" classname="Sprog.NewTest" />
                <testcase name="testcase" time="13.001" classname="Sprog.NewTest" />
                <testcase name="testcase" time="7.419" classname="Sprog.NewTest" />
                <testcase name="testcase" time="1.808" classname="Sprog.NewTest" />
                <testcase name="testcase" time="6.343" classname="Sprog.NewTest" />
                <testcase name="testcase" time="2.292" classname="Sprog.NewTest" />
                <testcase name="testcase" time="9.204" classname="Sprog.NewTest" />
                <testcase name="testcase" time="7.768" classname="Sprog.NewTest" />
                <testcase name="testcase" time="1.559" classname="Sprog.NewTest" />
                <testcase name="testcase" time="14.495" classname="Sprog.NewTest" />
                <testcase name="testcase" time="1.200" classname="Sprog.NewTest" />
                <testcase name="testcase" time="6.875" classname="Sprog.NewTest" />
      
</testsuite>
